<?xml version="1.0" encoding="UTF-8" ?>
<testsuite failures="0" time="0.997" errors="0" skipped="0" tests="28" name="com.trinea.java.common.HttpUtilsTest">
  <properties>
    <property name="java.runtime.name" value="Java(TM) SE Runtime Environment"/>
    <property name="sun.boot.library.path" value="D:\Program Files\Java\jdk1.7.0_02\jre\bin"/>
    <property name="java.vm.version" value="22.0-b10"/>
    <property name="java.vm.vendor" value="Oracle Corporation"/>
    <property name="java.vendor.url" value="http://java.oracle.com/"/>
    <property name="path.separator" value=";"/>
    <property name="java.vm.name" value="Java HotSpot(TM) Client VM"/>
    <property name="file.encoding.pkg" value="sun.io"/>
    <property name="user.script" value=""/>
    <property name="user.country" value="CN"/>
    <property name="sun.java.launcher" value="SUN_STANDARD"/>
    <property name="sun.os.patch.level" value=""/>
    <property name="java.vm.specification.name" value="Java Virtual Machine Specification"/>
    <property name="user.dir" value="D:\Eclipse\OpenCode\Common\JavaCommon"/>
    <property name="java.runtime.version" value="1.7.0_02-b13"/>
    <property name="java.awt.graphicsenv" value="sun.awt.Win32GraphicsEnvironment"/>
    <property name="basedir" value="D:\Eclipse\OpenCode\Common\JavaCommon"/>
    <property name="java.endorsed.dirs" value="D:\Program Files\Java\jdk1.7.0_02\jre\lib\endorsed"/>
    <property name="os.arch" value="x86"/>
    <property name="surefire.real.class.path" value="D:\Eclipse\OpenCode\Common\JavaCommon\target\surefire\surefirebooter7966062035241048629.jar"/>
    <property name="java.io.tmpdir" value="C:\Users\Trinea\AppData\Local\Temp\"/>
    <property name="line.separator" value="
"/>
    <property name="java.vm.specification.vendor" value="Oracle Corporation"/>
    <property name="user.variant" value=""/>
    <property name="os.name" value="Windows 7"/>
    <property name="sun.jnu.encoding" value="GBK"/>
    <property name="java.library.path" value="D:\Program Files\Java\jdk1.7.0_02\jre\bin;C:\Windows\Sun\Java\bin;C:\Windows\system32;C:\Windows;D:/Program Files/Java/jre6/bin/client;D:/Program Files/Java/jre6/bin;D:/Program Files/Java/jre6/lib/i386;C:\Program Files\Common Files\Microsoft Shared\Windows Live;C:\Program Files (x86)\Common Files\Microsoft Shared\Windows Live;C:\Windows\system32;C:\Windows;C:\Windows\System32\Wbem;C:\Windows\System32\WindowsPowerShell\v1.0\;D:\Program Files\Java\jdk1.7.0_02\bin;C:\Program Files (x86)\Common Files\Thunder Network\KanKan\Codecs;D:\Program Files\android-sdk-windows\platform-tools;D:\Program Files\android-sdk-windows\tools;C:\Program Files (x86)\Common Files\Adobe\AGL;D:\Program Files\jakarta-jmeter-2.3.4\bin;C:\Program Files (x86)\Windows Live\Shared;D:\Program Files\Apache\apache-maven-3.0.3\bin;D:\Program Files\TortoiseSVN\bin;D:\Program Files\visualvm\bin;D:\Program Files\Apache\apache-ant-1.8.3\bin;D:\Program Files\Java\jdk1.7.0_02\bin;;D:\Program Files\eclipse;;."/>
    <property name="surefire.test.class.path" value="D:\Eclipse\OpenCode\Common\JavaCommon\target\test-classes;D:\Eclipse\OpenCode\Common\JavaCommon\target\classes;C:\Users\Trinea\.m2\repository\junit\junit\3.8.1\junit-3.8.1.jar;C:\Users\Trinea\.m2\repository\org\json\json\20090211\json-20090211.jar;C:\Users\Trinea\.m2\repository\commons-httpclient\commons-httpclient\3.1\commons-httpclient-3.1.jar;C:\Users\Trinea\.m2\repository\commons-logging\commons-logging\1.0.4\commons-logging-1.0.4.jar;C:\Users\Trinea\.m2\repository\commons-codec\commons-codec\1.2\commons-codec-1.2.jar;C:\Users\Trinea\.m2\repository\org\apache\commons\commons-lang3\3.1\commons-lang3-3.1.jar;"/>
    <property name="java.specification.name" value="Java Platform API Specification"/>
    <property name="java.class.version" value="51.0"/>
    <property name="sun.management.compiler" value="HotSpot Client Compiler"/>
    <property name="os.version" value="6.1"/>
    <property name="user.home" value="C:\Users\Trinea"/>
    <property name="user.timezone" value="Asia/Shanghai"/>
    <property name="java.awt.printerjob" value="sun.awt.windows.WPrinterJob"/>
    <property name="java.specification.version" value="1.7"/>
    <property name="file.encoding" value="GBK"/>
    <property name="user.name" value="Trinea"/>
    <property name="java.class.path" value="D:\Eclipse\OpenCode\Common\JavaCommon\target\test-classes;D:\Eclipse\OpenCode\Common\JavaCommon\target\classes;C:\Users\Trinea\.m2\repository\junit\junit\3.8.1\junit-3.8.1.jar;C:\Users\Trinea\.m2\repository\org\json\json\20090211\json-20090211.jar;C:\Users\Trinea\.m2\repository\commons-httpclient\commons-httpclient\3.1\commons-httpclient-3.1.jar;C:\Users\Trinea\.m2\repository\commons-logging\commons-logging\1.0.4\commons-logging-1.0.4.jar;C:\Users\Trinea\.m2\repository\commons-codec\commons-codec\1.2\commons-codec-1.2.jar;C:\Users\Trinea\.m2\repository\org\apache\commons\commons-lang3\3.1\commons-lang3-3.1.jar;"/>
    <property name="java.vm.specification.version" value="1.7"/>
    <property name="sun.arch.data.model" value="32"/>
    <property name="java.home" value="D:\Program Files\Java\jdk1.7.0_02\jre"/>
    <property name="sun.java.command" value="D:\Eclipse\OpenCode\Common\JavaCommon\target\surefire\surefirebooter7966062035241048629.jar D:\Eclipse\OpenCode\Common\JavaCommon\target\surefire\surefire1271822347661186595tmp D:\Eclipse\OpenCode\Common\JavaCommon\target\surefire\surefire9101247063678269539tmp"/>
    <property name="java.specification.vendor" value="Oracle Corporation"/>
    <property name="user.language" value="zh"/>
    <property name="awt.toolkit" value="sun.awt.windows.WToolkit"/>
    <property name="java.vm.info" value="mixed mode, sharing"/>
    <property name="java.version" value="1.7.0_02"/>
    <property name="java.ext.dirs" value="D:\Program Files\Java\jdk1.7.0_02\jre\lib\ext;C:\Windows\Sun\Java\lib\ext"/>
    <property name="sun.boot.class.path" value="D:\Program Files\Java\jdk1.7.0_02\jre\lib\resources.jar;D:\Program Files\Java\jdk1.7.0_02\jre\lib\rt.jar;D:\Program Files\Java\jdk1.7.0_02\jre\lib\sunrsasign.jar;D:\Program Files\Java\jdk1.7.0_02\jre\lib\jsse.jar;D:\Program Files\Java\jdk1.7.0_02\jre\lib\jce.jar;D:\Program Files\Java\jdk1.7.0_02\jre\lib\charsets.jar;D:\Program Files\Java\jdk1.7.0_02\jre\classes"/>
    <property name="java.vendor" value="Oracle Corporation"/>
    <property name="localRepository" value="C:\Users\Trinea\.m2\repository"/>
    <property name="file.separator" value="\"/>
    <property name="java.vendor.url.bug" value="http://bugreport.sun.com/bugreport/"/>
    <property name="sun.cpu.endian" value="little"/>
    <property name="sun.io.unicode.encoding" value="UnicodeLittle"/>
    <property name="sun.desktop" value="windows"/>
    <property name="sun.cpu.isalist" value="pentium_pro+mmx pentium_pro pentium+mmx pentium i486 i386 i86"/>
  </properties>
  <testcase time="0" classname="com.trinea.java.common.HttpUtilsTest" name="testHttpPostWithFileStringMapOfStringStringMapOfStringString"/>
  <testcase time="0" classname="com.trinea.java.common.HttpUtilsTest" name="testHttpPostEncodeParasWithFileStringStringMapOfStringString"/>
  <testcase time="0" classname="com.trinea.java.common.HttpUtilsTest" name="testHttpPostEncodeParasWithFileStringMapOfStringStringMapOfStringString"/>
  <testcase time="0.001" classname="com.trinea.java.common.HttpUtilsTest" name="testGetUrlWithOrderedParas"/>
  <testcase time="0" classname="com.trinea.java.common.HttpUtilsTest" name="testGetValueEncodeParas"/>
  <testcase time="0.001" classname="com.trinea.java.common.HttpUtilsTest" name="testGetParasMapString"/>
  <testcase time="0" classname="com.trinea.java.common.HttpUtilsTest" name="testGetParasMapStringString"/>
  <testcase time="0.43" classname="com.trinea.java.common.HttpUtilsTest" name="testHttpGetStringString"/>
  <testcase time="0.233" classname="com.trinea.java.common.HttpUtilsTest" name="testHttpGetEncodeParas"/>
  <testcase time="0.079" classname="com.trinea.java.common.HttpUtilsTest" name="testHttpPostStringString"/>
  <testcase time="0" classname="com.trinea.java.common.HttpUtilsTest" name="testHttpPostEncodeParas"/>
  <testcase time="0" classname="com.trinea.java.common.HttpUtilsTest" name="testGetUrlWithParas"/>
  <testcase time="0.001" classname="com.trinea.java.common.HttpUtilsTest" name="testGetOrderedParas"/>
  <testcase time="0" classname="com.trinea.java.common.HttpUtilsTest" name="testUtf8Encode"/>
  <testcase time="0.001" classname="com.trinea.java.common.HttpUtilsTest" name="testUtf8Decode"/>
  <testcase time="0" classname="com.trinea.java.common.HttpUtilsTest" name="testGetUrlPath"/>
  <testcase time="0.102" classname="com.trinea.java.common.HttpUtilsTest" name="testHttpGetString"/>
  <testcase time="0" classname="com.trinea.java.common.HttpUtilsTest" name="testCreateParameterStringStringBoolean"/>
  <testcase time="0" classname="com.trinea.java.common.HttpUtilsTest" name="testGetUrlWithOrderedValueEncodeParas"/>
  <testcase time="0.001" classname="com.trinea.java.common.HttpUtilsTest" name="testGetParas"/>
  <testcase time="0" classname="com.trinea.java.common.HttpUtilsTest" name="testGetQueryParameterStringStringStringString"/>
  <testcase time="0" classname="com.trinea.java.common.HttpUtilsTest" name="testHttpPostWithFileStringStringMapOfStringString"/>
  <testcase time="0" classname="com.trinea.java.common.HttpUtilsTest" name="testCreateParameterStringString"/>
  <testcase time="0.001" classname="com.trinea.java.common.HttpUtilsTest" name="testGetUrlWithValueEncodeParas"/>
  <testcase time="0" classname="com.trinea.java.common.HttpUtilsTest" name="testGetOrderedValueEncodeParas"/>
  <testcase time="0.001" classname="com.trinea.java.common.HttpUtilsTest" name="testGetQueryParameterStringString"/>
  <testcase time="0.138" classname="com.trinea.java.common.HttpUtilsTest" name="testHttpGetStringMapOfStringString"/>
  <testcase time="0" classname="com.trinea.java.common.HttpUtilsTest" name="testHttpPostStringMapOfStringString"/>
</testsuite>